13/07/2023, 01:26:18 [ZBM] error: ⚠️⚠️⚠️  Global Error Handler:  Unauthorized
13/07/2023, 01:28:01 [ZBM] error: ⚠️⚠️⚠️  Global Error Handler:  Invalid credentials
13/07/2023, 01:28:25 [ZBM] error: ⚠️⚠️⚠️  Global Error Handler:  Unauthorized
13/07/2023, 01:29:11 [ZBM] error: ⚠️⚠️⚠️  Global Error Handler:  Unterminated string in JSON at position 61
13/07/2023, 01:29:36 [ZBM] error: ⚠️⚠️⚠️  Global Error Handler:  invalid token
13/07/2023, 01:29:41 [ZBM] error: ⚠️⚠️⚠️  Global Error Handler:  invalid token
13/07/2023, 01:29:45 [ZBM] error: ⚠️⚠️⚠️  Global Error Handler:  invalid token
13/07/2023, 01:29:57 [ZBM] error: ⚠️⚠️⚠️  Global Error Handler:  invalid token
13/07/2023, 01:31:22 [ZBM] error: ⚠️⚠️⚠️  Global Error Handler:  Forbidden
13/07/2023, 01:33:33 [ZBM] error: ⚠️⚠️⚠️  Global Error Handler:  Unauthorized
13/07/2023, 01:35:23 [ZBM] error: ⚠️⚠️⚠️  Global Error Handler:  [
  {
    "code": "invalid_type",
    "expected": "object",
    "received": "undefined",
    "path": [
      "student",
      "name"
    ],
    "message": "Name is required"
  }
]
13/07/2023, 01:35:29 [ZBM] error: ⚠️⚠️⚠️  Global Error Handler:  Unauthorized
13/07/2023, 01:36:12 [ZBM] error: ⚠️⚠️⚠️  Global Error Handler:  Unauthorized
13/07/2023, 01:36:21 [ZBM] error: ⚠️⚠️⚠️  Global Error Handler:  [
  {
    "code": "invalid_type",
    "expected": "object",
    "received": "undefined",
    "path": [
      "student",
      "name"
    ],
    "message": "Name is required"
  }
]
13/07/2023, 01:36:32 [ZBM] error: ⚠️⚠️⚠️  Global Error Handler:  Unauthorized
13/07/2023, 01:36:55 [ZBM] error: ⚠️⚠️⚠️  Global Error Handler:  Forbidden
13/07/2023, 02:03:50 [ZBM] error: ⚠️⚠️⚠️  Global Error Handler:  Unauthorized
13/07/2023, 02:04:28 [ZBM] error: ⚠️⚠️⚠️  Global Error Handler:  invalid token
13/07/2023, 02:11:21 [ZBM] error: ⚠️⚠️⚠️  Global Error Handler:  [
  {
    "code": "invalid_type",
    "expected": "string",
    "received": "undefined",
    "path": [
      "refreshToken"
    ],
    "message": "Refresh token is required"
  }
]
