09/07/2023, 00:26:21 [ZBM] error: ⚠️⚠️⚠️  Global Error Handler:  [
  {
    "code": "invalid_type",
    "expected": "string",
    "received": "undefined",
    "path": [
      "student",
      "name",
      "firstName"
    ],
    "message": "First name is required"
  },
  {
    "code": "invalid_type",
    "expected": "string",
    "received": "undefined",
    "path": [
      "student",
      "name",
      "lastName"
    ],
    "message": "Last name is required"
  },
  {
    "code": "invalid_type",
    "expected": "string",
    "received": "undefined",
    "path": [
      "student",
      "email"
    ],
    "message": "Email is required"
  },
  {
    "code": "invalid_type",
    "expected": "string",
    "received": "undefined",
    "path": [
      "student",
      "phone"
    ],
    "message": "Phone is required"
  },
  {
    "expected": "'Male' | 'Female'",
    "received": "undefined",
    "code": "invalid_type",
    "path": [
      "student",
      "gender"
    ],
    "message": "Gender is required"
  },
  {
    "code": "invalid_type",
    "expected": "date",
    "received": "undefined",
    "path": [
      "student",
      "dob"
    ],
    "message": "Date of Birth is required"
  },
  {
    "code": "invalid_type",
    "expected": "string",
    "received": "undefined",
    "path": [
      "student",
      "presentAddress"
    ],
    "message": "Address is required"
  },
  {
    "code": "invalid_type",
    "expected": "string",
    "received": "undefined",
    "path": [
      "student",
      "permanentAddress"
    ],
    "message": "Address is required"
  },
  {
    "code": "invalid_type",
    "expected": "object",
    "received": "undefined",
    "path": [
      "student",
      "guardian"
    ],
    "message": "Required"
  },
  {
    "code": "invalid_type",
    "expected": "object",
    "received": "undefined",
    "path": [
      "student",
      "localGuardian"
    ],
    "message": "Required"
  },
  {
    "code": "invalid_type",
    "expected": "string",
    "received": "undefined",
    "path": [
      "student",
      "academicSemester"
    ],
    "message": "Academic semester is required"
  },
  {
    "code": "invalid_type",
    "expected": "string",
    "received": "undefined",
    "path": [
      "student",
      "academicFaculty"
    ],
    "message": "Academic faculty is required"
  },
  {
    "code": "invalid_type",
    "expected": "string",
    "received": "undefined",
    "path": [
      "student",
      "academicDepartment"
    ],
    "message": "Academic department is required"
  }
]
09/07/2023, 00:31:04 [ZBM] error: ⚠️⚠️⚠️  Global Error Handler:  [
  {
    "code": "too_small",
    "minimum": 3,
    "type": "string",
    "inclusive": true,
    "exact": false,
    "message": "String must contain at least 3 character(s)",
    "path": [
      "student",
      "name",
      "firstName"
    ]
  },
  {
    "code": "too_small",
    "minimum": 3,
    "type": "string",
    "inclusive": true,
    "exact": false,
    "message": "String must contain at least 3 character(s)",
    "path": [
      "student",
      "name",
      "lastName"
    ]
  },
  {
    "code": "invalid_type",
    "expected": "string",
    "received": "undefined",
    "path": [
      "student",
      "email"
    ],
    "message": "Email is required"
  },
  {
    "code": "invalid_type",
    "expected": "string",
    "received": "undefined",
    "path": [
      "student",
      "phone"
    ],
    "message": "Phone is required"
  },
  {
    "expected": "'Male' | 'Female'",
    "received": "undefined",
    "code": "invalid_type",
    "path": [
      "student",
      "gender"
    ],
    "message": "Gender is required"
  },
  {
    "code": "invalid_type",
    "expected": "date",
    "received": "undefined",
    "path": [
      "student",
      "dob"
    ],
    "message": "Date of Birth is required"
  },
  {
    "code": "invalid_type",
    "expected": "string",
    "received": "undefined",
    "path": [
      "student",
      "presentAddress"
    ],
    "message": "Address is required"
  },
  {
    "code": "invalid_type",
    "expected": "string",
    "received": "undefined",
    "path": [
      "student",
      "permanentAddress"
    ],
    "message": "Address is required"
  },
  {
    "code": "invalid_type",
    "expected": "object",
    "received": "undefined",
    "path": [
      "student",
      "guardian"
    ],
    "message": "Required"
  },
  {
    "code": "invalid_type",
    "expected": "object",
    "received": "undefined",
    "path": [
      "student",
      "localGuardian"
    ],
    "message": "Required"
  },
  {
    "code": "invalid_type",
    "expected": "string",
    "received": "undefined",
    "path": [
      "student",
      "academicSemester"
    ],
    "message": "Academic semester is required"
  },
  {
    "code": "invalid_type",
    "expected": "string",
    "received": "undefined",
    "path": [
      "student",
      "academicFaculty"
    ],
    "message": "Academic faculty is required"
  },
  {
    "code": "invalid_type",
    "expected": "string",
    "received": "undefined",
    "path": [
      "student",
      "academicDepartment"
    ],
    "message": "Academic department is required"
  }
]
09/07/2023, 00:31:24 [ZBM] error: ⚠️⚠️⚠️  Global Error Handler:  [
  {
    "code": "invalid_type",
    "expected": "string",
    "received": "undefined",
    "path": [
      "student",
      "email"
    ],
    "message": "Email is required"
  },
  {
    "code": "invalid_type",
    "expected": "string",
    "received": "undefined",
    "path": [
      "student",
      "phone"
    ],
    "message": "Phone is required"
  },
  {
    "expected": "'Male' | 'Female'",
    "received": "undefined",
    "code": "invalid_type",
    "path": [
      "student",
      "gender"
    ],
    "message": "Gender is required"
  },
  {
    "code": "invalid_type",
    "expected": "date",
    "received": "undefined",
    "path": [
      "student",
      "dob"
    ],
    "message": "Date of Birth is required"
  },
  {
    "code": "invalid_type",
    "expected": "string",
    "received": "undefined",
    "path": [
      "student",
      "presentAddress"
    ],
    "message": "Address is required"
  },
  {
    "code": "invalid_type",
    "expected": "string",
    "received": "undefined",
    "path": [
      "student",
      "permanentAddress"
    ],
    "message": "Address is required"
  },
  {
    "code": "invalid_type",
    "expected": "object",
    "received": "undefined",
    "path": [
      "student",
      "guardian"
    ],
    "message": "Required"
  },
  {
    "code": "invalid_type",
    "expected": "object",
    "received": "undefined",
    "path": [
      "student",
      "localGuardian"
    ],
    "message": "Required"
  },
  {
    "code": "invalid_type",
    "expected": "string",
    "received": "undefined",
    "path": [
      "student",
      "academicSemester"
    ],
    "message": "Academic semester is required"
  },
  {
    "code": "invalid_type",
    "expected": "string",
    "received": "undefined",
    "path": [
      "student",
      "academicFaculty"
    ],
    "message": "Academic faculty is required"
  },
  {
    "code": "invalid_type",
    "expected": "string",
    "received": "undefined",
    "path": [
      "student",
      "academicDepartment"
    ],
    "message": "Academic department is required"
  }
]
09/07/2023, 00:31:38 [ZBM] error: ⚠️⚠️⚠️  Global Error Handler:  [
  {
    "code": "too_small",
    "minimum": 3,
    "type": "string",
    "inclusive": true,
    "exact": false,
    "message": "String must contain at least 3 character(s)",
    "path": [
      "student",
      "name",
      "firstName"
    ]
  },
  {
    "code": "too_small",
    "minimum": 3,
    "type": "string",
    "inclusive": true,
    "exact": false,
    "message": "String must contain at least 3 character(s)",
    "path": [
      "student",
      "name",
      "lastName"
    ]
  },
  {
    "code": "invalid_type",
    "expected": "string",
    "received": "undefined",
    "path": [
      "student",
      "email"
    ],
    "message": "Email is required"
  },
  {
    "code": "invalid_type",
    "expected": "string",
    "received": "undefined",
    "path": [
      "student",
      "phone"
    ],
    "message": "Phone is required"
  },
  {
    "expected": "'Male' | 'Female'",
    "received": "undefined",
    "code": "invalid_type",
    "path": [
      "student",
      "gender"
    ],
    "message": "Gender is required"
  },
  {
    "code": "invalid_type",
    "expected": "date",
    "received": "undefined",
    "path": [
      "student",
      "dob"
    ],
    "message": "Date of Birth is required"
  },
  {
    "code": "invalid_type",
    "expected": "string",
    "received": "undefined",
    "path": [
      "student",
      "presentAddress"
    ],
    "message": "Address is required"
  },
  {
    "code": "invalid_type",
    "expected": "string",
    "received": "undefined",
    "path": [
      "student",
      "permanentAddress"
    ],
    "message": "Address is required"
  },
  {
    "code": "invalid_type",
    "expected": "object",
    "received": "undefined",
    "path": [
      "student",
      "guardian"
    ],
    "message": "Required"
  },
  {
    "code": "invalid_type",
    "expected": "object",
    "received": "undefined",
    "path": [
      "student",
      "localGuardian"
    ],
    "message": "Required"
  },
  {
    "code": "invalid_type",
    "expected": "string",
    "received": "undefined",
    "path": [
      "student",
      "academicSemester"
    ],
    "message": "Academic semester is required"
  },
  {
    "code": "invalid_type",
    "expected": "string",
    "received": "undefined",
    "path": [
      "student",
      "academicFaculty"
    ],
    "message": "Academic faculty is required"
  },
  {
    "code": "invalid_type",
    "expected": "string",
    "received": "undefined",
    "path": [
      "student",
      "academicDepartment"
    ],
    "message": "Academic department is required"
  }
]
09/07/2023, 00:32:13 [ZBM] error: ⚠️⚠️⚠️  Global Error Handler:  Unexpected token '}', ..."""

    }
}" is not valid JSON
09/07/2023, 00:32:59 [ZBM] error: ⚠️⚠️⚠️  Global Error Handler:  Expected double-quoted property name in JSON at position 183
09/07/2023, 00:35:41 [ZBM] error: ⚠️⚠️⚠️  Global Error Handler:  Expected double-quoted property name in JSON at position 357
09/07/2023, 00:35:53 [ZBM] error: ⚠️⚠️⚠️  Global Error Handler:  [
  {
    "code": "too_small",
    "minimum": 3,
    "type": "string",
    "inclusive": true,
    "exact": false,
    "message": "String must contain at least 3 character(s)",
    "path": [
      "student",
      "name",
      "firstName"
    ]
  },
  {
    "code": "too_small",
    "minimum": 3,
    "type": "string",
    "inclusive": true,
    "exact": false,
    "message": "String must contain at least 3 character(s)",
    "path": [
      "student",
      "name",
      "lastName"
    ]
  },
  {
    "code": "too_small",
    "minimum": 11,
    "type": "string",
    "inclusive": true,
    "exact": false,
    "message": "String must contain at least 11 character(s)",
    "path": [
      "student",
      "phone"
    ]
  },
  {
    "code": "invalid_type",
    "expected": "date",
    "received": "string",
    "path": [
      "student",
      "dob"
    ],
    "message": "Expected date, received string"
  },
  {
    "received": "",
    "code": "invalid_enum_value",
    "options": [
      "A+",
      "A-",
      "B+",
      "B-",
      "AB+",
      "AB-",
      "O+",
      "O-"
    ],
    "path": [
      "student",
      "bloodGroup"
    ],
    "message": "Invalid enum value. Expected 'A+' | 'A-' | 'B+' | 'B-' | 'AB+' | 'AB-' | 'O+' | 'O-', received ''"
  },
  {
    "code": "invalid_type",
    "expected": "object",
    "received": "string",
    "path": [
      "student",
      "guardian"
    ],
    "message": "Expected object, received string"
  },
  {
    "code": "invalid_type",
    "expected": "object",
    "received": "undefined",
    "path": [
      "student",
      "localGuardian"
    ],
    "message": "Required"
  },
  {
    "code": "invalid_type",
    "expected": "string",
    "received": "undefined",
    "path": [
      "student",
      "academicSemester"
    ],
    "message": "Academic semester is required"
  },
  {
    "code": "invalid_type",
    "expected": "string",
    "received": "undefined",
    "path": [
      "student",
      "academicFaculty"
    ],
    "message": "Academic faculty is required"
  },
  {
    "code": "invalid_type",
    "expected": "string",
    "received": "undefined",
    "path": [
      "student",
      "academicDepartment"
    ],
    "message": "Academic department is required"
  }
]
09/07/2023, 00:36:55 [ZBM] error: ⚠️⚠️⚠️  Global Error Handler:  [
  {
    "code": "too_small",
    "minimum": 11,
    "type": "string",
    "inclusive": true,
    "exact": false,
    "message": "String must contain at least 11 character(s)",
    "path": [
      "student",
      "phone"
    ]
  },
  {
    "code": "invalid_type",
    "expected": "date",
    "received": "string",
    "path": [
      "student",
      "dob"
    ],
    "message": "Expected date, received string"
  },
  {
    "received": "",
    "code": "invalid_enum_value",
    "options": [
      "A+",
      "A-",
      "B+",
      "B-",
      "AB+",
      "AB-",
      "O+",
      "O-"
    ],
    "path": [
      "student",
      "bloodGroup"
    ],
    "message": "Invalid enum value. Expected 'A+' | 'A-' | 'B+' | 'B-' | 'AB+' | 'AB-' | 'O+' | 'O-', received ''"
  },
  {
    "code": "invalid_type",
    "expected": "object",
    "received": "string",
    "path": [
      "student",
      "guardian"
    ],
    "message": "Expected object, received string"
  },
  {
    "code": "invalid_type",
    "expected": "object",
    "received": "undefined",
    "path": [
      "student",
      "localGuardian"
    ],
    "message": "Required"
  },
  {
    "code": "invalid_type",
    "expected": "string",
    "received": "undefined",
    "path": [
      "student",
      "academicSemester"
    ],
    "message": "Academic semester is required"
  },
  {
    "code": "invalid_type",
    "expected": "string",
    "received": "undefined",
    "path": [
      "student",
      "academicFaculty"
    ],
    "message": "Academic faculty is required"
  },
  {
    "code": "invalid_type",
    "expected": "string",
    "received": "undefined",
    "path": [
      "student",
      "academicDepartment"
    ],
    "message": "Academic department is required"
  }
]
09/07/2023, 00:37:03 [ZBM] error: ⚠️⚠️⚠️  Global Error Handler:  [
  {
    "validation": "email",
    "code": "invalid_string",
    "message": "Invalid email",
    "path": [
      "student",
      "email"
    ]
  },
  {
    "code": "too_small",
    "minimum": 11,
    "type": "string",
    "inclusive": true,
    "exact": false,
    "message": "String must contain at least 11 character(s)",
    "path": [
      "student",
      "phone"
    ]
  },
  {
    "code": "invalid_type",
    "expected": "date",
    "received": "string",
    "path": [
      "student",
      "dob"
    ],
    "message": "Expected date, received string"
  },
  {
    "received": "",
    "code": "invalid_enum_value",
    "options": [
      "A+",
      "A-",
      "B+",
      "B-",
      "AB+",
      "AB-",
      "O+",
      "O-"
    ],
    "path": [
      "student",
      "bloodGroup"
    ],
    "message": "Invalid enum value. Expected 'A+' | 'A-' | 'B+' | 'B-' | 'AB+' | 'AB-' | 'O+' | 'O-', received ''"
  },
  {
    "code": "invalid_type",
    "expected": "object",
    "received": "string",
    "path": [
      "student",
      "guardian"
    ],
    "message": "Expected object, received string"
  },
  {
    "code": "invalid_type",
    "expected": "object",
    "received": "undefined",
    "path": [
      "student",
      "localGuardian"
    ],
    "message": "Required"
  },
  {
    "code": "invalid_type",
    "expected": "string",
    "received": "undefined",
    "path": [
      "student",
      "academicSemester"
    ],
    "message": "Academic semester is required"
  },
  {
    "code": "invalid_type",
    "expected": "string",
    "received": "undefined",
    "path": [
      "student",
      "academicFaculty"
    ],
    "message": "Academic faculty is required"
  },
  {
    "code": "invalid_type",
    "expected": "string",
    "received": "undefined",
    "path": [
      "student",
      "academicDepartment"
    ],
    "message": "Academic department is required"
  }
]
09/07/2023, 00:50:52 [ZBM] error: ⚠️⚠️⚠️  Global Error Handler:  [
  {
    "code": "too_small",
    "minimum": 11,
    "type": "string",
    "inclusive": true,
    "exact": false,
    "message": "String must contain at least 11 character(s)",
    "path": [
      "student",
      "phone"
    ]
  },
  {
    "code": "invalid_type",
    "expected": "date",
    "received": "string",
    "path": [
      "student",
      "dob"
    ],
    "message": "Expected date, received string"
  },
  {
    "received": "",
    "code": "invalid_enum_value",
    "options": [
      "A+",
      "A-",
      "B+",
      "B-",
      "AB+",
      "AB-",
      "O+",
      "O-"
    ],
    "path": [
      "student",
      "bloodGroup"
    ],
    "message": "Invalid enum value. Expected 'A+' | 'A-' | 'B+' | 'B-' | 'AB+' | 'AB-' | 'O+' | 'O-', received ''"
  },
  {
    "code": "invalid_type",
    "expected": "object",
    "received": "string",
    "path": [
      "student",
      "guardian"
    ],
    "message": "Expected object, received string"
  },
  {
    "code": "invalid_type",
    "expected": "object",
    "received": "undefined",
    "path": [
      "student",
      "localGuardian"
    ],
    "message": "Required"
  },
  {
    "code": "invalid_type",
    "expected": "string",
    "received": "undefined",
    "path": [
      "student",
      "academicSemester"
    ],
    "message": "Academic semester is required"
  },
  {
    "code": "invalid_type",
    "expected": "string",
    "received": "undefined",
    "path": [
      "student",
      "academicFaculty"
    ],
    "message": "Academic faculty is required"
  },
  {
    "code": "invalid_type",
    "expected": "string",
    "received": "undefined",
    "path": [
      "student",
      "academicDepartment"
    ],
    "message": "Academic department is required"
  }
]
09/07/2023, 00:51:31 [ZBM] error: ⚠️⚠️⚠️  Global Error Handler:  [
  {
    "received": "e",
    "code": "invalid_enum_value",
    "options": [
      "Male",
      "Female"
    ],
    "path": [
      "student",
      "gender"
    ],
    "message": "Invalid enum value. Expected 'Male' | 'Female', received 'e'"
  },
  {
    "code": "invalid_type",
    "expected": "date",
    "received": "string",
    "path": [
      "student",
      "dob"
    ],
    "message": "Expected date, received string"
  },
  {
    "received": "",
    "code": "invalid_enum_value",
    "options": [
      "A+",
      "A-",
      "B+",
      "B-",
      "AB+",
      "AB-",
      "O+",
      "O-"
    ],
    "path": [
      "student",
      "bloodGroup"
    ],
    "message": "Invalid enum value. Expected 'A+' | 'A-' | 'B+' | 'B-' | 'AB+' | 'AB-' | 'O+' | 'O-', received ''"
  },
  {
    "code": "invalid_type",
    "expected": "object",
    "received": "string",
    "path": [
      "student",
      "guardian"
    ],
    "message": "Expected object, received string"
  },
  {
    "code": "invalid_type",
    "expected": "object",
    "received": "undefined",
    "path": [
      "student",
      "localGuardian"
    ],
    "message": "Required"
  },
  {
    "code": "invalid_type",
    "expected": "string",
    "received": "undefined",
    "path": [
      "student",
      "academicSemester"
    ],
    "message": "Academic semester is required"
  },
  {
    "code": "invalid_type",
    "expected": "string",
    "received": "undefined",
    "path": [
      "student",
      "academicFaculty"
    ],
    "message": "Academic faculty is required"
  },
  {
    "code": "invalid_type",
    "expected": "string",
    "received": "undefined",
    "path": [
      "student",
      "academicDepartment"
    ],
    "message": "Academic department is required"
  }
]
09/07/2023, 00:51:39 [ZBM] error: ⚠️⚠️⚠️  Global Error Handler:  [
  {
    "code": "invalid_type",
    "expected": "date",
    "received": "string",
    "path": [
      "student",
      "dob"
    ],
    "message": "Expected date, received string"
  },
  {
    "received": "",
    "code": "invalid_enum_value",
    "options": [
      "A+",
      "A-",
      "B+",
      "B-",
      "AB+",
      "AB-",
      "O+",
      "O-"
    ],
    "path": [
      "student",
      "bloodGroup"
    ],
    "message": "Invalid enum value. Expected 'A+' | 'A-' | 'B+' | 'B-' | 'AB+' | 'AB-' | 'O+' | 'O-', received ''"
  },
  {
    "code": "invalid_type",
    "expected": "object",
    "received": "string",
    "path": [
      "student",
      "guardian"
    ],
    "message": "Expected object, received string"
  },
  {
    "code": "invalid_type",
    "expected": "object",
    "received": "undefined",
    "path": [
      "student",
      "localGuardian"
    ],
    "message": "Required"
  },
  {
    "code": "invalid_type",
    "expected": "string",
    "received": "undefined",
    "path": [
      "student",
      "academicSemester"
    ],
    "message": "Academic semester is required"
  },
  {
    "code": "invalid_type",
    "expected": "string",
    "received": "undefined",
    "path": [
      "student",
      "academicFaculty"
    ],
    "message": "Academic faculty is required"
  },
  {
    "code": "invalid_type",
    "expected": "string",
    "received": "undefined",
    "path": [
      "student",
      "academicDepartment"
    ],
    "message": "Academic department is required"
  }
]
09/07/2023, 00:52:28 [ZBM] error: ⚠️⚠️⚠️  Global Error Handler:  [
  {
    "code": "invalid_type",
    "expected": "date",
    "received": "string",
    "path": [
      "student",
      "dob"
    ],
    "message": "Expected date, received string"
  },
  {
    "received": "",
    "code": "invalid_enum_value",
    "options": [
      "A+",
      "A-",
      "B+",
      "B-",
      "AB+",
      "AB-",
      "O+",
      "O-"
    ],
    "path": [
      "student",
      "bloodGroup"
    ],
    "message": "Invalid enum value. Expected 'A+' | 'A-' | 'B+' | 'B-' | 'AB+' | 'AB-' | 'O+' | 'O-', received ''"
  },
  {
    "code": "invalid_type",
    "expected": "object",
    "received": "string",
    "path": [
      "student",
      "guardian"
    ],
    "message": "Expected object, received string"
  },
  {
    "code": "invalid_type",
    "expected": "object",
    "received": "undefined",
    "path": [
      "student",
      "localGuardian"
    ],
    "message": "Required"
  },
  {
    "code": "invalid_type",
    "expected": "string",
    "received": "undefined",
    "path": [
      "student",
      "academicSemester"
    ],
    "message": "Academic semester is required"
  },
  {
    "code": "invalid_type",
    "expected": "string",
    "received": "undefined",
    "path": [
      "student",
      "academicFaculty"
    ],
    "message": "Academic faculty is required"
  },
  {
    "code": "invalid_type",
    "expected": "string",
    "received": "undefined",
    "path": [
      "student",
      "academicDepartment"
    ],
    "message": "Academic department is required"
  }
]
09/07/2023, 00:52:40 [ZBM] error: ⚠️⚠️⚠️  Global Error Handler:  [
  {
    "code": "invalid_type",
    "expected": "date",
    "received": "string",
    "path": [
      "student",
      "dob"
    ],
    "message": "Expected date, received string"
  },
  {
    "code": "invalid_type",
    "expected": "object",
    "received": "string",
    "path": [
      "student",
      "guardian"
    ],
    "message": "Expected object, received string"
  },
  {
    "code": "invalid_type",
    "expected": "object",
    "received": "undefined",
    "path": [
      "student",
      "localGuardian"
    ],
    "message": "Required"
  },
  {
    "code": "invalid_type",
    "expected": "string",
    "received": "undefined",
    "path": [
      "student",
      "academicSemester"
    ],
    "message": "Academic semester is required"
  },
  {
    "code": "invalid_type",
    "expected": "string",
    "received": "undefined",
    "path": [
      "student",
      "academicFaculty"
    ],
    "message": "Academic faculty is required"
  },
  {
    "code": "invalid_type",
    "expected": "string",
    "received": "undefined",
    "path": [
      "student",
      "academicDepartment"
    ],
    "message": "Academic department is required"
  }
]
09/07/2023, 00:52:50 [ZBM] error: ⚠️⚠️⚠️  Global Error Handler:  [
  {
    "code": "invalid_type",
    "expected": "date",
    "received": "string",
    "path": [
      "student",
      "dob"
    ],
    "message": "Expected date, received string"
  },
  {
    "code": "invalid_type",
    "expected": "object",
    "received": "string",
    "path": [
      "student",
      "guardian"
    ],
    "message": "Expected object, received string"
  },
  {
    "code": "invalid_type",
    "expected": "object",
    "received": "undefined",
    "path": [
      "student",
      "localGuardian"
    ],
    "message": "Required"
  },
  {
    "code": "invalid_type",
    "expected": "string",
    "received": "undefined",
    "path": [
      "student",
      "academicSemester"
    ],
    "message": "Academic semester is required"
  },
  {
    "code": "invalid_type",
    "expected": "string",
    "received": "undefined",
    "path": [
      "student",
      "academicFaculty"
    ],
    "message": "Academic faculty is required"
  },
  {
    "code": "invalid_type",
    "expected": "string",
    "received": "undefined",
    "path": [
      "student",
      "academicDepartment"
    ],
    "message": "Academic department is required"
  }
]
09/07/2023, 00:54:15 [ZBM] error: ⚠️⚠️⚠️  Global Error Handler:  Expected double-quoted property name in JSON at position 619
09/07/2023, 00:54:27 [ZBM] error: ⚠️⚠️⚠️  Global Error Handler:  [
  {
    "code": "invalid_type",
    "expected": "date",
    "received": "string",
    "path": [
      "student",
      "dob"
    ],
    "message": "Expected date, received string"
  },
  {
    "code": "too_small",
    "minimum": 3,
    "type": "string",
    "inclusive": true,
    "exact": false,
    "message": "String must contain at least 3 character(s)",
    "path": [
      "student",
      "guardian",
      "fatherName"
    ]
  },
  {
    "code": "too_small",
    "minimum": 3,
    "type": "string",
    "inclusive": true,
    "exact": false,
    "message": "String must contain at least 3 character(s)",
    "path": [
      "student",
      "guardian",
      "fatherOccupation"
    ]
  },
  {
    "code": "too_small",
    "minimum": 3,
    "type": "string",
    "inclusive": true,
    "exact": false,
    "message": "String must contain at least 3 character(s)",
    "path": [
      "student",
      "guardian",
      "motherName"
    ]
  },
  {
    "code": "too_small",
    "minimum": 3,
    "type": "string",
    "inclusive": true,
    "exact": false,
    "message": "String must contain at least 3 character(s)",
    "path": [
      "student",
      "guardian",
      "motherOccupation"
    ]
  },
  {
    "code": "too_small",
    "minimum": 3,
    "type": "string",
    "inclusive": true,
    "exact": false,
    "message": "String must contain at least 3 character(s)",
    "path": [
      "student",
      "guardian",
      "address"
    ]
  },
  {
    "code": "invalid_type",
    "expected": "object",
    "received": "undefined",
    "path": [
      "student",
      "localGuardian"
    ],
    "message": "Required"
  },
  {
    "code": "invalid_type",
    "expected": "string",
    "received": "undefined",
    "path": [
      "student",
      "academicSemester"
    ],
    "message": "Academic semester is required"
  },
  {
    "code": "invalid_type",
    "expected": "string",
    "received": "undefined",
    "path": [
      "student",
      "academicFaculty"
    ],
    "message": "Academic faculty is required"
  },
  {
    "code": "invalid_type",
    "expected": "string",
    "received": "undefined",
    "path": [
      "student",
      "academicDepartment"
    ],
    "message": "Academic department is required"
  }
]
09/07/2023, 00:55:31 [ZBM] error: ⚠️⚠️⚠️  Global Error Handler:  [
  {
    "code": "invalid_type",
    "expected": "date",
    "received": "string",
    "path": [
      "student",
      "dob"
    ],
    "message": "Expected date, received string"
  },
  {
    "code": "too_small",
    "minimum": 3,
    "type": "string",
    "inclusive": true,
    "exact": false,
    "message": "String must contain at least 3 character(s)",
    "path": [
      "student",
      "guardian",
      "fatherName"
    ]
  },
  {
    "code": "too_small",
    "minimum": 3,
    "type": "string",
    "inclusive": true,
    "exact": false,
    "message": "String must contain at least 3 character(s)",
    "path": [
      "student",
      "guardian",
      "fatherOccupation"
    ]
  },
  {
    "code": "too_small",
    "minimum": 3,
    "type": "string",
    "inclusive": true,
    "exact": false,
    "message": "String must contain at least 3 character(s)",
    "path": [
      "student",
      "guardian",
      "motherName"
    ]
  },
  {
    "code": "too_small",
    "minimum": 3,
    "type": "string",
    "inclusive": true,
    "exact": false,
    "message": "String must contain at least 3 character(s)",
    "path": [
      "student",
      "guardian",
      "motherOccupation"
    ]
  },
  {
    "code": "too_small",
    "minimum": 3,
    "type": "string",
    "inclusive": true,
    "exact": false,
    "message": "String must contain at least 3 character(s)",
    "path": [
      "student",
      "guardian",
      "address"
    ]
  },
  {
    "code": "too_small",
    "minimum": 3,
    "type": "string",
    "inclusive": true,
    "exact": false,
    "message": "String must contain at least 3 character(s)",
    "path": [
      "student",
      "localGuardian",
      "name"
    ]
  },
  {
    "code": "too_small",
    "minimum": 3,
    "type": "string",
    "inclusive": true,
    "exact": false,
    "message": "String must contain at least 3 character(s)",
    "path": [
      "student",
      "localGuardian",
      "occupation"
    ]
  },
  {
    "code": "too_small",
    "minimum": 3,
    "type": "string",
    "inclusive": true,
    "exact": false,
    "message": "String must contain at least 3 character(s)",
    "path": [
      "student",
      "localGuardian",
      "address"
    ]
  },
  {
    "code": "invalid_type",
    "expected": "string",
    "received": "undefined",
    "path": [
      "student",
      "academicSemester"
    ],
    "message": "Academic semester is required"
  },
  {
    "code": "invalid_type",
    "expected": "string",
    "received": "undefined",
    "path": [
      "student",
      "academicFaculty"
    ],
    "message": "Academic faculty is required"
  },
  {
    "code": "invalid_type",
    "expected": "string",
    "received": "undefined",
    "path": [
      "student",
      "academicDepartment"
    ],
    "message": "Academic department is required"
  }
]
09/07/2023, 00:56:25 [ZBM] error: ⚠️⚠️⚠️  Global Error Handler:  [
  {
    "code": "invalid_type",
    "expected": "date",
    "received": "string",
    "path": [
      "student",
      "dob"
    ],
    "message": "Expected date, received string"
  },
  {
    "code": "too_small",
    "minimum": 3,
    "type": "string",
    "inclusive": true,
    "exact": false,
    "message": "String must contain at least 3 character(s)",
    "path": [
      "student",
      "guardian",
      "fatherName"
    ]
  },
  {
    "code": "too_small",
    "minimum": 3,
    "type": "string",
    "inclusive": true,
    "exact": false,
    "message": "String must contain at least 3 character(s)",
    "path": [
      "student",
      "guardian",
      "fatherOccupation"
    ]
  },
  {
    "code": "too_small",
    "minimum": 3,
    "type": "string",
    "inclusive": true,
    "exact": false,
    "message": "String must contain at least 3 character(s)",
    "path": [
      "student",
      "guardian",
      "motherName"
    ]
  },
  {
    "code": "too_small",
    "minimum": 3,
    "type": "string",
    "inclusive": true,
    "exact": false,
    "message": "String must contain at least 3 character(s)",
    "path": [
      "student",
      "guardian",
      "motherOccupation"
    ]
  },
  {
    "code": "too_small",
    "minimum": 3,
    "type": "string",
    "inclusive": true,
    "exact": false,
    "message": "String must contain at least 3 character(s)",
    "path": [
      "student",
      "guardian",
      "address"
    ]
  },
  {
    "code": "invalid_type",
    "expected": "string",
    "received": "undefined",
    "path": [
      "student",
      "academicSemester"
    ],
    "message": "Academic semester is required"
  },
  {
    "code": "invalid_type",
    "expected": "string",
    "received": "undefined",
    "path": [
      "student",
      "academicFaculty"
    ],
    "message": "Academic faculty is required"
  },
  {
    "code": "invalid_type",
    "expected": "string",
    "received": "undefined",
    "path": [
      "student",
      "academicDepartment"
    ],
    "message": "Academic department is required"
  }
]
09/07/2023, 00:57:29 [ZBM] error: ⚠️⚠️⚠️  Global Error Handler:  [
  {
    "code": "invalid_type",
    "expected": "date",
    "received": "string",
    "path": [
      "student",
      "dob"
    ],
    "message": "Expected date, received string"
  },
  {
    "code": "invalid_type",
    "expected": "string",
    "received": "undefined",
    "path": [
      "student",
      "academicSemester"
    ],
    "message": "Academic semester is required"
  },
  {
    "code": "invalid_type",
    "expected": "string",
    "received": "undefined",
    "path": [
      "student",
      "academicFaculty"
    ],
    "message": "Academic faculty is required"
  },
  {
    "code": "invalid_type",
    "expected": "string",
    "received": "undefined",
    "path": [
      "student",
      "academicDepartment"
    ],
    "message": "Academic department is required"
  }
]
09/07/2023, 00:57:54 [ZBM] error: ⚠️⚠️⚠️  Global Error Handler:  [
  {
    "code": "invalid_type",
    "expected": "date",
    "received": "string",
    "path": [
      "student",
      "dob"
    ],
    "message": "Expected date, received string"
  },
  {
    "code": "invalid_type",
    "expected": "string",
    "received": "undefined",
    "path": [
      "student",
      "academicSemester"
    ],
    "message": "Academic semester is required"
  },
  {
    "code": "invalid_type",
    "expected": "string",
    "received": "undefined",
    "path": [
      "student",
      "academicFaculty"
    ],
    "message": "Academic faculty is required"
  },
  {
    "code": "invalid_type",
    "expected": "string",
    "received": "undefined",
    "path": [
      "student",
      "academicDepartment"
    ],
    "message": "Academic department is required"
  }
]
09/07/2023, 00:59:44 [ZBM] error: ⚠️⚠️⚠️  Global Error Handler:  [
  {
    "code": "invalid_type",
    "expected": "string",
    "received": "undefined",
    "path": [
      "student",
      "academicSemester"
    ],
    "message": "Academic semester is required"
  },
  {
    "code": "invalid_type",
    "expected": "string",
    "received": "undefined",
    "path": [
      "student",
      "academicFaculty"
    ],
    "message": "Academic faculty is required"
  },
  {
    "code": "invalid_type",
    "expected": "string",
    "received": "undefined",
    "path": [
      "student",
      "academicDepartment"
    ],
    "message": "Academic department is required"
  }
]
09/07/2023, 01:00:32 [ZBM] error: ⚠️⚠️⚠️  Global Error Handler:  Cannot set properties of undefined (setting 'role')
09/07/2023, 01:01:34 [ZBM] error: ⚠️⚠️⚠️  Global Error Handler:  Cannot set properties of undefined (setting 'role')
09/07/2023, 01:02:38 [ZBM] error: ⚠️⚠️⚠️  Global Error Handler:  Cannot set properties of undefined (setting 'role')
09/07/2023, 01:06:14 [ZBM] error: ⚠️⚠️⚠️  Global Error Handler:  Cannot set properties of undefined (setting 'role')
09/07/2023, 01:07:24 [ZBM] error: ⚠️⚠️⚠️  Global Error Handler:  Cannot set properties of undefined (setting 'role')
09/07/2023, 01:08:20 [ZBM] error: ⚠️⚠️⚠️  Global Error Handler:  Transaction numbers are only allowed on a replica set member or mongos
09/07/2023, 01:08:59 [ZBM] error: ⚠️⚠️⚠️  Global Error Handler:  Transaction numbers are only allowed on a replica set member or mongos
09/07/2023, 01:09:32 [ZBM] error: ⚠️⚠️⚠️  Global Error Handler:  Transaction numbers are only allowed on a replica set member or mongos
09/07/2023, 01:09:55 [ZBM] error: ⚠️⚠️⚠️  Global Error Handler:  Transaction numbers are only allowed on a replica set member or mongos
09/07/2023, 01:16:47 [ZBM] error: ⚠️⚠️⚠️  Global Error Handler:  Transaction numbers are only allowed on a replica set member or mongos
09/07/2023, 01:17:01 [ZBM] error: ⚠️⚠️⚠️  Global Error Handler:  Transaction numbers are only allowed on a replica set member or mongos
09/07/2023, 01:18:19 [ZBM] error: ⚠️⚠️⚠️  Global Error Handler:  Transaction numbers are only allowed on a replica set member or mongos
09/07/2023, 01:19:49 [ZBM] error: ⚠️⚠️⚠️  Global Error Handler:  Transaction numbers are only allowed on a replica set member or mongos
09/07/2023, 01:20:01 [ZBM] error: ⚠️⚠️⚠️  Global Error Handler:  Transaction numbers are only allowed on a replica set member or mongos
09/07/2023, 01:20:08 [ZBM] error: ⚠️⚠️⚠️  Global Error Handler:  Transaction numbers are only allowed on a replica set member or mongos
09/07/2023, 01:21:33 [ZBM] error: ⚠️⚠️⚠️  Global Error Handler:  Transaction numbers are only allowed on a replica set member or mongos
09/07/2023, 01:22:32 [ZBM] error: ⚠️⚠️⚠️  Global Error Handler:  Transaction numbers are only allowed on a replica set member or mongos
09/07/2023, 01:23:40 [ZBM] error: ⚠️⚠️⚠️  Global Error Handler:  Transaction numbers are only allowed on a replica set member or mongos
09/07/2023, 01:24:03 [ZBM] error: ⚠️⚠️⚠️  Global Error Handler:  Transaction numbers are only allowed on a replica set member or mongos
09/07/2023, 01:24:13 [ZBM] error: ⚠️⚠️⚠️  Global Error Handler:  Transaction numbers are only allowed on a replica set member or mongos
09/07/2023, 01:47:38 [ZBM] error: Failed:  The `uri` parameter to `openUri()` must be a string, got "undefined". Make sure the first parameter to `mongoose.connect()` or `mongoose.createConnection()` is a string.
09/07/2023, 01:51:54 [ZBM] error: ⚠️⚠️⚠️  Global Error Handler:  user is not allowed to do action [insert] on [university-management.academicfaculties]
09/07/2023, 01:56:24 [ZBM] error: ⚠️⚠️⚠️  Global Error Handler:  [
  {
    "code": "invalid_type",
    "expected": "string",
    "received": "undefined",
    "path": [
      "title"
    ],
    "message": "Title is required"
  }
]
09/07/2023, 01:59:27 [ZBM] error: ⚠️⚠️⚠️  Global Error Handler:  Cannot set properties of undefined (setting 'password')
09/07/2023, 02:00:14 [ZBM] error: ⚠️⚠️⚠️  Global Error Handler:  Cannot set properties of undefined (setting 'role')
09/07/2023, 02:00:55 [ZBM] error: ⚠️⚠️⚠️  Global Error Handler:  E11000 duplicate key error collection: university-management.students index: email_1 dup key: { email: "zbm@gmail.com" }
09/07/2023, 02:00:55 [ZBM] error: Unhandled Rejection:  Attempted illegal state transition from [TRANSACTION_ABORTED] to [TRANSACTION_ABORTED]
09/07/2023, 02:01:19 [ZBM] error: ⚠️⚠️⚠️  Global Error Handler:  E11000 duplicate key error collection: university-management.students index: phone_1 dup key: { phone: "0119994949" }
09/07/2023, 02:01:19 [ZBM] error: Unhandled Rejection:  Attempted illegal state transition from [TRANSACTION_ABORTED] to [TRANSACTION_ABORTED]
09/07/2023, 12:58:29 [ZBM] error: ⚠️⚠️⚠️  Global Error Handler:  [
  {
    "code": "invalid_type",
    "expected": "object",
    "received": "undefined",
    "path": [
      "user"
    ],
    "message": "Required"
  }
]
09/07/2023, 12:58:50 [ZBM] error: ⚠️⚠️⚠️  Global Error Handler:  E11000 duplicate key error collection: university-management.students index: email_1 dup key: { email: "zbm1@gmail.com" }
09/07/2023, 12:58:51 [ZBM] error: Unhandled Rejection:  Attempted illegal state transition from [TRANSACTION_ABORTED] to [TRANSACTION_ABORTED]
09/07/2023, 13:00:07 [ZBM] error: ⚠️⚠️⚠️  Global Error Handler:  [
  {
    "code": "invalid_type",
    "expected": "object",
    "received": "undefined",
    "path": [
      "student"
    ],
    "message": "Student is required"
  }
]
09/07/2023, 13:00:13 [ZBM] error: ⚠️⚠️⚠️  Global Error Handler:  [
  {
    "code": "invalid_type",
    "expected": "object",
    "received": "undefined",
    "path": [
      "student"
    ],
    "message": "Student is required"
  }
]
09/07/2023, 13:18:38 [ZBM] error: Failed:  querySrv ETIMEOUT _mongodb._tcp.cluster0.f3pch0c.mongodb.net
09/07/2023, 14:17:34 [ZBM] error: ⚠️⚠️⚠️  Global Error Handler:  Can't use $options
09/07/2023, 14:17:51 [ZBM] error: ⚠️⚠️⚠️  Global Error Handler:  Can't use $options
09/07/2023, 15:34:46 [ZBM] error: ⚠️⚠️⚠️  Global Error Handler:  Student not found
09/07/2023, 15:35:16 [ZBM] error: ⚠️⚠️⚠️  Global Error Handler:  Student not found
09/07/2023, 15:37:03 [ZBM] error: ⚠️⚠️⚠️  Global Error Handler:  Student not found
09/07/2023, 15:52:09 [ZBM] error: ⚠️⚠️⚠️  Global Error Handler:  Student not found
09/07/2023, 18:02:27 [ZBM] error: Unhandled Rejection:  Attempted illegal state transition from [TRANSACTION_ABORTED] to [TRANSACTION_COMMITTED]
09/07/2023, 18:03:09 [ZBM] error: ⚠️⚠️⚠️  Global Error Handler:  Student not found
09/07/2023, 18:03:11 [ZBM] error: ⚠️⚠️⚠️  Global Error Handler:  Student not found
09/07/2023, 18:03:31 [ZBM] error: Unhandled Rejection:  Attempted illegal state transition from [TRANSACTION_ABORTED] to [TRANSACTION_COMMITTED]
09/07/2023, 18:05:14 [ZBM] error: Unhandled Rejection:  Attempted illegal state transition from [TRANSACTION_ABORTED] to [TRANSACTION_COMMITTED]
09/07/2023, 18:09:28 [ZBM] error: Unhandled Rejection:  Attempted illegal state transition from [TRANSACTION_ABORTED] to [TRANSACTION_COMMITTED]
09/07/2023, 18:11:14 [ZBM] error: Unhandled Rejection:  Attempted illegal state transition from [TRANSACTION_ABORTED] to [TRANSACTION_COMMITTED]
09/07/2023, 18:13:33 [ZBM] error: ⚠️⚠️⚠️  Global Error Handler:  Student not found
09/07/2023, 18:14:07 [ZBM] error: Unhandled Rejection:  Attempted illegal state transition from [TRANSACTION_ABORTED] to [TRANSACTION_COMMITTED]
09/07/2023, 19:57:44 [ZBM] error: ⚠️⚠️⚠️  Global Error Handler:  [
  {
    "code": "invalid_type",
    "expected": "object",
    "received": "undefined",
    "path": [
      "faculty"
    ],
    "message": "Faculty is required"
  }
]
09/07/2023, 19:58:28 [ZBM] error: ⚠️⚠️⚠️  Global Error Handler:  [
  {
    "code": "invalid_type",
    "expected": "string",
    "received": "undefined",
    "path": [
      "faculty",
      "designation"
    ],
    "message": "Designation is required"
  }
]
09/07/2023, 19:58:59 [ZBM] error: ⚠️⚠️⚠️  Global Error Handler:  Student validation failed: academicSemester: Path `academicSemester` is required., localGuardian: Path `localGuardian` is required., guardian: Path `guardian` is required., studentId: Path `studentId` is required.
09/07/2023, 20:04:05 [ZBM] error: ⚠️⚠️⚠️  Global Error Handler:  E11000 duplicate key error collection: university-management.faculties index: facultyId_1 dup key: { facultyId: "F-00001" }
09/07/2023, 20:04:05 [ZBM] error: Unhandled Rejection:  Attempted illegal state transition from [TRANSACTION_ABORTED] to [TRANSACTION_ABORTED]
09/07/2023, 20:16:29 [ZBM] error: Failed:  Could not connect to any servers in your MongoDB Atlas cluster. One common reason is that you're trying to access the database from an IP that isn't whitelisted. Make sure your current IP address is on your Atlas cluster's IP whitelist: https://www.mongodb.com/docs/atlas/security-whitelist/
09/07/2023, 20:17:25 [ZBM] error: ⚠️⚠️⚠️  Global Error Handler:  E11000 duplicate key error collection: university-management.faculties index: facultyId_1 dup key: { facultyId: "F-00001" }
09/07/2023, 20:17:25 [ZBM] error: Unhandled Rejection:  Attempted illegal state transition from [TRANSACTION_ABORTED] to [TRANSACTION_ABORTED]
09/07/2023, 20:45:03 [ZBM] error: ⚠️⚠️⚠️  Global Error Handler:  E11000 duplicate key error collection: university-management.faculties index: facultyId_1 dup key: { facultyId: "F-00001" }
09/07/2023, 20:45:04 [ZBM] error: Unhandled Rejection:  Attempted illegal state transition from [TRANSACTION_ABORTED] to [TRANSACTION_ABORTED]
09/07/2023, 20:46:34 [ZBM] error: ⚠️⚠️⚠️  Global Error Handler:  E11000 duplicate key error collection: university-management.faculties index: facultyId_1 dup key: { facultyId: "F-00001" }
09/07/2023, 20:46:34 [ZBM] error: Unhandled Rejection:  Attempted illegal state transition from [TRANSACTION_ABORTED] to [TRANSACTION_ABORTED]
09/07/2023, 20:50:41 [ZBM] error: ⚠️⚠️⚠️  Global Error Handler:  E11000 duplicate key error collection: university-management.faculties index: facultyId_1 dup key: { facultyId: "F-00001" }
09/07/2023, 20:50:41 [ZBM] error: Unhandled Rejection:  Attempted illegal state transition from [TRANSACTION_ABORTED] to [TRANSACTION_ABORTED]
09/07/2023, 20:52:46 [ZBM] error: ⚠️⚠️⚠️  Global Error Handler:  E11000 duplicate key error collection: university-management.faculties index: facultyId_1 dup key: { facultyId: "F-100001" }
09/07/2023, 20:52:46 [ZBM] error: Unhandled Rejection:  Attempted illegal state transition from [TRANSACTION_ABORTED] to [TRANSACTION_ABORTED]
09/07/2023, 20:54:00 [ZBM] error: ⚠️⚠️⚠️  Global Error Handler:  E11000 duplicate key error collection: university-management.faculties index: facultyId_1 dup key: { facultyId: "F-100001" }
09/07/2023, 20:54:00 [ZBM] error: Unhandled Rejection:  Attempted illegal state transition from [TRANSACTION_ABORTED] to [TRANSACTION_ABORTED]
09/07/2023, 20:54:49 [ZBM] error: ⚠️⚠️⚠️  Global Error Handler:  E11000 duplicate key error collection: university-management.faculties index: facultyId_1 dup key: { facultyId: "F-100001" }
09/07/2023, 20:54:49 [ZBM] error: Unhandled Rejection:  Attempted illegal state transition from [TRANSACTION_ABORTED] to [TRANSACTION_ABORTED]
09/07/2023, 21:02:16 [ZBM] error: ⚠️⚠️⚠️  Global Error Handler:  E11000 duplicate key error collection: university-management.faculties index: facultyId_1 dup key: { facultyId: "F-00001" }
09/07/2023, 21:02:17 [ZBM] error: Unhandled Rejection:  Attempted illegal state transition from [TRANSACTION_ABORTED] to [TRANSACTION_ABORTED]
09/07/2023, 21:10:22 [ZBM] error: ⚠️⚠️⚠️  Global Error Handler:  E11000 duplicate key error collection: university-management.users index: id_1 dup key: { id: "F-100001" }
09/07/2023, 21:10:22 [ZBM] error: Unhandled Rejection:  Attempted illegal state transition from [TRANSACTION_ABORTED] to [TRANSACTION_ABORTED]
09/07/2023, 21:17:15 [ZBM] error: ⚠️⚠️⚠️  Global Error Handler:  Student not found
09/07/2023, 21:17:29 [ZBM] error: ⚠️⚠️⚠️  Global Error Handler:  Faculty not found
09/07/2023, 21:18:59 [ZBM] error: Unhandled Rejection:  Attempted illegal state transition from [TRANSACTION_ABORTED] to [TRANSACTION_COMMITTED]
09/07/2023, 21:22:51 [ZBM] error: ⚠️⚠️⚠️  Global Error Handler:  Student not found
