15/06/2023, 14:38:23 [ZBM] error: Unhandled Rejection:  [
  {
    "code": "invalid_type",
    "expected": "string",
    "received": "undefined",
    "path": [
      "id"
    ],
    "message": "Required"
  },
  {
    "code": "invalid_type",
    "expected": "string",
    "received": "undefined",
    "path": [
      "role"
    ],
    "message": "Required"
  },
  {
    "code": "invalid_type",
    "expected": "string",
    "received": "undefined",
    "path": [
      "password"
    ],
    "message": "Required"
  }
]
15/06/2023, 14:38:52 [ZBM] error: Unhandled Rejection:  [
  {
    "code": "invalid_type",
    "expected": "string",
    "received": "undefined",
    "path": [
      "id"
    ],
    "message": "Required"
  },
  {
    "code": "invalid_type",
    "expected": "string",
    "received": "undefined",
    "path": [
      "role"
    ],
    "message": "Required"
  },
  {
    "code": "invalid_type",
    "expected": "string",
    "received": "undefined",
    "path": [
      "password"
    ],
    "message": "Required"
  }
]
