25/06/2023, 01:01:23 [ZBM] error: ⚠️⚠️⚠️  Global Error Handler:  [
  {
    "code": "invalid_type",
    "expected": "string",
    "received": "undefined",
    "path": [
      "title"
    ],
    "message": "Title is required"
  },
  {
    "code": "invalid_type",
    "expected": "string",
    "received": "undefined",
    "path": [
      "description"
    ],
    "message": "Description is required"
  },
  {
    "code": "invalid_type",
    "expected": "string",
    "received": "undefined",
    "path": [
      "academicFaculty"
    ],
    "message": "Academic Faculty is required"
  }
]
25/06/2023, 01:01:52 [ZBM] error: ⚠️⚠️⚠️  Global Error Handler:  [
  {
    "code": "invalid_type",
    "expected": "string",
    "received": "undefined",
    "path": [
      "title"
    ],
    "message": "Title is required"
  },
  {
    "code": "invalid_type",
    "expected": "string",
    "received": "undefined",
    "path": [
      "description"
    ],
    "message": "Description is required"
  },
  {
    "code": "invalid_type",
    "expected": "string",
    "received": "undefined",
    "path": [
      "academicFaculty"
    ],
    "message": "Academic Faculty is required"
  }
]
25/06/2023, 02:54:07 [ZBM] error: ⚠️⚠️⚠️  Global Error Handler:  AcademicDepartment validation failed: academicFaculty: Cast to ObjectId failed for value "649344267212ddb304fd52d" (type string) at path "academicFaculty" because of "BSONError"
25/06/2023, 03:03:52 [ZBM] error: ⚠️⚠️⚠️  Global Error Handler:  Cast to ObjectId failed for value "649758268abaeec2f5035ed" (type string) at path "_id" for model "AcademicDepartment"
